==============================================================================
20180129 12:34:17.858 - INFO - + START SUITE: Acceptancetest [ ]
==============================================================================
20180129 12:34:17.907 - INFO - +- START SUITE: Acceptancetest.HelloWorldTests [ ]
==============================================================================
20180129 12:34:17.915 - INFO - +-- START TEST: Say Hello [ ]
------------------------------------------------------------------------------
20180129 12:34:17.915 - INFO - +--- START KW: keywords.CustomKeywords.Greet Everyone [ ]
20180129 12:34:17.922 - INFO - +--- END KW: keywords.CustomKeywords.Greet Everyone (5)
------------------------------------------------------------------------------
20180129 12:34:17.963 - INFO - +-- END TEST: Say Hello (10)
------------------------------------------------------------------------------
20180129 12:34:17.969 - INFO - +-- START TEST: Say Hello In Pig Latin [ ]
------------------------------------------------------------------------------
20180129 12:34:17.978 - INFO - +--- START KW: keywords.CustomKeywords.Reverse Greet Everyone [ ]
20180129 12:34:17.993 - INFO - +--- END KW: keywords.CustomKeywords.Reverse Greet Everyone (12)
------------------------------------------------------------------------------
20180129 12:34:17.996 - INFO - +-- END TEST: Say Hello In Pig Latin (29)
------------------------------------------------------------------------------
20180129 12:34:18.005 - INFO - +-- START TEST: Make Sure You're Saying Hello [ ]
------------------------------------------------------------------------------
20180129 12:34:18.014 - INFO - +--- START KW: keywords.CustomKeywords.Greet Everyone [ ]
20180129 12:34:18.014 - INFO - ${result} = hello world
20180129 12:34:18.031 - INFO - +--- END KW: keywords.CustomKeywords.Greet Everyone (0)
~~~~~~~~~~~~~~~~~~~~~~~~~~~~~~~~~~~~~~~~~~~~~~~~~~~~~~~~~~~~~~~~~~~~~~~~~~~~~~
20180129 12:34:18.031 - INFO - +--- START KW: BuiltIn.Should Be Equal [ ${result} | hello world ]
20180129 12:34:18.048 - INFO - +--- END KW: BuiltIn.Should Be Equal (0)
------------------------------------------------------------------------------
20180129 12:34:18.048 - INFO - +-- END TEST: Make Sure You're Saying Hello (43)
------------------------------------------------------------------------------
20180129 12:34:18.048 - INFO - +-- START TEST: Make A Test That Fails [ ]
------------------------------------------------------------------------------
20180129 12:34:18.064 - INFO - +--- START KW: keywords.CustomKeywords.Reverse Greet Everyone [ ]
20180129 12:34:18.065 - INFO - ${result} = dlrow olleh
20180129 12:34:18.065 - INFO - +--- END KW: keywords.CustomKeywords.Reverse Greet Everyone (1)
~~~~~~~~~~~~~~~~~~~~~~~~~~~~~~~~~~~~~~~~~~~~~~~~~~~~~~~~~~~~~~~~~~~~~~~~~~~~~~
20180129 12:34:18.065 - INFO - +--- START KW: BuiltIn.Should Be Equal [ ${result} | dlrow olleh ]
20180129 12:34:18.094 - INFO - +--- END KW: BuiltIn.Should Be Equal (25)
------------------------------------------------------------------------------
20180129 12:34:18.105 - INFO - +-- END TEST: Make A Test That Fails (51)
------------------------------------------------------------------------------
20180129 12:34:18.132 - INFO - +- END SUITE: Acceptancetest.HelloWorldTests (247)
==============================================================================
20180129 12:34:18.151 - INFO - + END SUITE: Acceptancetest (565)
==============================================================================
